2026-06-07T13:09:15Z | GET | https://eutils.ncbi.nlm.nih.gov/entrez/eutils/esummary.fcgi?db=pubmed&id=32250551&retmode=json | 200
2026-06-07T13:09:15Z | GET | https://eutils.ncbi.nlm.nih.gov/entrez/eutils/efetch.fcgi?db=pubmed&id=32250551&rettype=abstract&retmode=text | 200
2026-06-07T13:09:16Z | GET | https://eutils.ncbi.nlm.nih.gov/entrez/eutils/esummary.fcgi?db=pubmed&id=19076192&retmode=json | 200
2026-06-07T13:09:17Z | GET | https://eutils.ncbi.nlm.nih.gov/entrez/eutils/efetch.fcgi?db=pubmed&id=19076192&rettype=abstract&retmode=text | 200
2026-06-07T13:09:17Z | GET | https://eutils.ncbi.nlm.nih.gov/entrez/eutils/esummary.fcgi?db=pubmed&id=9537006&retmode=json | 200
2026-06-07T13:09:18Z | GET | https://eutils.ncbi.nlm.nih.gov/entrez/eutils/efetch.fcgi?db=pubmed&id=9537006&rettype=abstract&retmode=text | 200
2026-06-07T13:09:19Z | GET | https://eutils.ncbi.nlm.nih.gov/entrez/eutils/esummary.fcgi?db=pubmed&id=8634809&retmode=json | 200
2026-06-07T13:09:19Z | GET | https://eutils.ncbi.nlm.nih.gov/entrez/eutils/efetch.fcgi?db=pubmed&id=8634809&rettype=abstract&retmode=text | 200
2026-06-07T13:09:20Z | GET | https://eutils.ncbi.nlm.nih.gov/entrez/eutils/esummary.fcgi?db=pubmed&id=29104718&retmode=json | 200
2026-06-07T13:09:21Z | GET | https://eutils.ncbi.nlm.nih.gov/entrez/eutils/efetch.fcgi?db=pubmed&id=29104718&rettype=abstract&retmode=text | 200
2026-06-07T13:09:22Z | GET | https://eutils.ncbi.nlm.nih.gov/entrez/eutils/esummary.fcgi?db=pubmed&id=20367669&retmode=json | 200
2026-06-07T13:09:22Z | GET | https://eutils.ncbi.nlm.nih.gov/entrez/eutils/efetch.fcgi?db=pubmed&id=20367669&rettype=abstract&retmode=text | 200
2026-06-07T13:09:23Z | GET | https://eutils.ncbi.nlm.nih.gov/entrez/eutils/esummary.fcgi?db=pubmed&id=19165682&retmode=json | 200
2026-06-07T13:09:24Z | GET | https://eutils.ncbi.nlm.nih.gov/entrez/eutils/efetch.fcgi?db=pubmed&id=19165682&rettype=abstract&retmode=text | 200
2026-06-07T13:09:25Z | GET | https://eutils.ncbi.nlm.nih.gov/entrez/eutils/esummary.fcgi?db=pubmed&id=17147561&retmode=json | 200
2026-06-07T13:09:25Z | GET | https://eutils.ncbi.nlm.nih.gov/entrez/eutils/efetch.fcgi?db=pubmed&id=17147561&rettype=abstract&retmode=text | 200
2026-06-07T13:09:26Z | GET | https://eutils.ncbi.nlm.nih.gov/entrez/eutils/esummary.fcgi?db=pubmed&id=28220628&retmode=json | 200
2026-06-07T13:09:27Z | GET | https://eutils.ncbi.nlm.nih.gov/entrez/eutils/efetch.fcgi?db=pubmed&id=28220628&rettype=abstract&retmode=text | 200
2026-06-07T13:09:28Z | GET | https://eutils.ncbi.nlm.nih.gov/entrez/eutils/esummary.fcgi?db=pubmed&id=17147561&retmode=json | 200
2026-06-07T13:09:28Z | GET | https://eutils.ncbi.nlm.nih.gov/entrez/eutils/efetch.fcgi?db=pubmed&id=17147561&rettype=abstract&retmode=text | 200
2026-06-07T13:09:29Z | GET | https://eutils.ncbi.nlm.nih.gov/entrez/eutils/esummary.fcgi?db=pubmed&id=32250551&retmode=json | 200
2026-06-07T13:09:30Z | GET | https://eutils.ncbi.nlm.nih.gov/entrez/eutils/efetch.fcgi?db=pubmed&id=32250551&rettype=abstract&retmode=text | 200
2026-06-07T18:19:32Z | GET | https://eutils.ncbi.nlm.nih.gov/entrez/eutils/esummary.fcgi?db=pubmed&id=18505499&retmode=json | ERROR
2026-06-07T18:19:33Z | GET | https://eutils.ncbi.nlm.nih.gov/entrez/eutils/esummary.fcgi?db=pubmed&id=26327894&retmode=json | ERROR
2026-06-07T18:19:33Z | GET | https://eutils.ncbi.nlm.nih.gov/entrez/eutils/esummary.fcgi?db=pubmed&id=11207686&retmode=json | ERROR
2026-06-07T18:19:34Z | GET | https://eutils.ncbi.nlm.nih.gov/entrez/eutils/esummary.fcgi?db=pubmed&id=11407971&retmode=json | ERROR
2026-06-07T18:35:48Z | GET | https://eutils.ncbi.nlm.nih.gov/entrez/eutils/esummary.fcgi?db=pubmed&id=15773538&retmode=json | 200
2026-06-07T18:35:49Z | GET | https://eutils.ncbi.nlm.nih.gov/entrez/eutils/efetch.fcgi?db=pubmed&id=15773538&rettype=abstract&retmode=text | 200
2026-06-07T18:35:50Z | GET | https://eutils.ncbi.nlm.nih.gov/entrez/eutils/esummary.fcgi?db=pubmed&id=41302994&retmode=json | 200
2026-06-07T18:35:51Z | GET | https://eutils.ncbi.nlm.nih.gov/entrez/eutils/efetch.fcgi?db=pubmed&id=41302994&rettype=abstract&retmode=text | 200
2026-06-07T18:35:52Z | GET | https://eutils.ncbi.nlm.nih.gov/entrez/eutils/esummary.fcgi?db=pubmed&id=15773538&retmode=json | 200
2026-06-07T18:35:53Z | GET | https://eutils.ncbi.nlm.nih.gov/entrez/eutils/efetch.fcgi?db=pubmed&id=15773538&rettype=abstract&retmode=text | 200
2026-06-07T18:35:54Z | GET | https://eutils.ncbi.nlm.nih.gov/entrez/eutils/esummary.fcgi?db=pubmed&id=41302994&retmode=json | 200
2026-06-07T18:35:55Z | GET | https://eutils.ncbi.nlm.nih.gov/entrez/eutils/efetch.fcgi?db=pubmed&id=41302994&rettype=abstract&retmode=text | 200
2026-06-07T18:35:56Z | GET | https://eutils.ncbi.nlm.nih.gov/entrez/eutils/esummary.fcgi?db=pubmed&id=41302994&retmode=json | 200
2026-06-07T18:35:57Z | GET | https://eutils.ncbi.nlm.nih.gov/entrez/eutils/efetch.fcgi?db=pubmed&id=41302994&rettype=abstract&retmode=text | 200
2026-06-07T18:35:57Z | GET | https://eutils.ncbi.nlm.nih.gov/entrez/eutils/esummary.fcgi?db=pubmed&id=29494115&retmode=json | 200
2026-06-07T18:35:58Z | GET | https://eutils.ncbi.nlm.nih.gov/entrez/eutils/efetch.fcgi?db=pubmed&id=29494115&rettype=abstract&retmode=text | 200
2026-06-07T18:35:59Z | GET | https://eutils.ncbi.nlm.nih.gov/entrez/eutils/esummary.fcgi?db=pubmed&id=12007011&retmode=json | 200
2026-06-07T18:36:00Z | GET | https://eutils.ncbi.nlm.nih.gov/entrez/eutils/efetch.fcgi?db=pubmed&id=12007011&rettype=abstract&retmode=text | 200
2026-06-07T18:36:01Z | GET | https://eutils.ncbi.nlm.nih.gov/entrez/eutils/esummary.fcgi?db=pubmed&id=11735710&retmode=json | 200
2026-06-07T18:36:02Z | GET | https://eutils.ncbi.nlm.nih.gov/entrez/eutils/efetch.fcgi?db=pubmed&id=11735710&rettype=abstract&retmode=text | 200
2026-06-07T18:36:03Z | GET | https://eutils.ncbi.nlm.nih.gov/entrez/eutils/esummary.fcgi?db=pubmed&id=10473961&retmode=json | 200
2026-06-07T18:36:03Z | GET | https://eutils.ncbi.nlm.nih.gov/entrez/eutils/efetch.fcgi?db=pubmed&id=10473961&rettype=abstract&retmode=text | 200
2026-06-07T18:36:04Z | GET | https://eutils.ncbi.nlm.nih.gov/entrez/eutils/esummary.fcgi?db=pubmed&id=29663701&retmode=json | 200
2026-06-07T18:36:05Z | GET | https://eutils.ncbi.nlm.nih.gov/entrez/eutils/efetch.fcgi?db=pubmed&id=29663701&rettype=abstract&retmode=text | 200
2026-06-07T18:36:05Z | GET | https://eutils.ncbi.nlm.nih.gov/entrez/eutils/esummary.fcgi?db=pubmed&id=34211271&retmode=json | 200
2026-06-07T18:36:06Z | GET | https://eutils.ncbi.nlm.nih.gov/entrez/eutils/efetch.fcgi?db=pubmed&id=34211271&rettype=abstract&retmode=text | 200
2026-06-07T18:36:07Z | GET | https://eutils.ncbi.nlm.nih.gov/entrez/eutils/esummary.fcgi?db=pubmed&id=26215715&retmode=json | 200
2026-06-07T18:36:08Z | GET | https://eutils.ncbi.nlm.nih.gov/entrez/eutils/efetch.fcgi?db=pubmed&id=26215715&rettype=abstract&retmode=text | 200
2026-06-07T18:36:09Z | GET | https://eutils.ncbi.nlm.nih.gov/entrez/eutils/esummary.fcgi?db=pubmed&id=32250551&retmode=json | 200
2026-06-07T18:36:10Z | GET | https://eutils.ncbi.nlm.nih.gov/entrez/eutils/efetch.fcgi?db=pubmed&id=32250551&rettype=abstract&retmode=text | 200
2026-06-07T18:36:11Z | GET | https://eutils.ncbi.nlm.nih.gov/entrez/eutils/esummary.fcgi?db=pubmed&id=19076192&retmode=json | 200
2026-06-07T18:36:11Z | GET | https://eutils.ncbi.nlm.nih.gov/entrez/eutils/efetch.fcgi?db=pubmed&id=19076192&rettype=abstract&retmode=text | 200
2026-06-07T18:36:12Z | GET | https://eutils.ncbi.nlm.nih.gov/entrez/eutils/esummary.fcgi?db=pubmed&id=9537006&retmode=json | 200
2026-06-07T18:36:13Z | GET | https://eutils.ncbi.nlm.nih.gov/entrez/eutils/efetch.fcgi?db=pubmed&id=9537006&rettype=abstract&retmode=text | 200
2026-06-07T18:36:14Z | GET | https://eutils.ncbi.nlm.nih.gov/entrez/eutils/esummary.fcgi?db=pubmed&id=8634809&retmode=json | 200
2026-06-07T18:36:14Z | GET | https://eutils.ncbi.nlm.nih.gov/entrez/eutils/efetch.fcgi?db=pubmed&id=8634809&rettype=abstract&retmode=text | 200
2026-06-07T18:36:15Z | GET | https://eutils.ncbi.nlm.nih.gov/entrez/eutils/esummary.fcgi?db=pubmed&id=29104718&retmode=json | 200
2026-06-07T18:36:16Z | GET | https://eutils.ncbi.nlm.nih.gov/entrez/eutils/efetch.fcgi?db=pubmed&id=29104718&rettype=abstract&retmode=text | 200
2026-06-07T18:36:17Z | GET | https://eutils.ncbi.nlm.nih.gov/entrez/eutils/esummary.fcgi?db=pubmed&id=20367669&retmode=json | 200
2026-06-07T18:36:18Z | GET | https://eutils.ncbi.nlm.nih.gov/entrez/eutils/efetch.fcgi?db=pubmed&id=20367669&rettype=abstract&retmode=text | 200
2026-06-07T18:36:19Z | GET | https://eutils.ncbi.nlm.nih.gov/entrez/eutils/esummary.fcgi?db=pubmed&id=17147561&retmode=json | 200
2026-06-07T18:36:19Z | GET | https://eutils.ncbi.nlm.nih.gov/entrez/eutils/efetch.fcgi?db=pubmed&id=17147561&rettype=abstract&retmode=text | 200
2026-06-07T18:36:20Z | GET | https://eutils.ncbi.nlm.nih.gov/entrez/eutils/esummary.fcgi?db=pubmed&id=28220628&retmode=json | 200
2026-06-07T18:36:21Z | GET | https://eutils.ncbi.nlm.nih.gov/entrez/eutils/efetch.fcgi?db=pubmed&id=28220628&rettype=abstract&retmode=text | 200
2026-06-07T18:36:22Z | GET | https://eutils.ncbi.nlm.nih.gov/entrez/eutils/esummary.fcgi?db=pubmed&id=11207686&retmode=json | 200
2026-06-07T18:36:23Z | GET | https://eutils.ncbi.nlm.nih.gov/entrez/eutils/efetch.fcgi?db=pubmed&id=11207686&rettype=abstract&retmode=text | 200
2026-06-07T18:36:25Z | GET | https://eutils.ncbi.nlm.nih.gov/entrez/eutils/esummary.fcgi?db=pubmed&id=11207686&retmode=json | 200
2026-06-07T18:36:26Z | GET | https://eutils.ncbi.nlm.nih.gov/entrez/eutils/efetch.fcgi?db=pubmed&id=11207686&rettype=abstract&retmode=text | 200
2026-06-07T18:36:26Z | GET | https://eutils.ncbi.nlm.nih.gov/entrez/eutils/esummary.fcgi?db=pubmed&id=11407971&retmode=json | 200
2026-06-07T18:36:27Z | GET | https://eutils.ncbi.nlm.nih.gov/entrez/eutils/efetch.fcgi?db=pubmed&id=11407971&rettype=abstract&retmode=text | 200
2026-06-07T18:36:28Z | GET | https://eutils.ncbi.nlm.nih.gov/entrez/eutils/esummary.fcgi?db=pubmed&id=18505499&retmode=json | 200
2026-06-07T18:36:29Z | GET | https://eutils.ncbi.nlm.nih.gov/entrez/eutils/efetch.fcgi?db=pubmed&id=18505499&rettype=abstract&retmode=text | 200
2026-06-07T18:36:29Z | GET | https://eutils.ncbi.nlm.nih.gov/entrez/eutils/esummary.fcgi?db=pubmed&id=18505499&retmode=json | 200
2026-06-07T18:36:30Z | GET | https://eutils.ncbi.nlm.nih.gov/entrez/eutils/efetch.fcgi?db=pubmed&id=18505499&rettype=abstract&retmode=text | 200
2026-06-07T18:36:31Z | GET | https://eutils.ncbi.nlm.nih.gov/entrez/eutils/esummary.fcgi?db=pubmed&id=26327894&retmode=json | 200
2026-06-07T18:36:52Z | GET | https://eutils.ncbi.nlm.nih.gov/entrez/eutils/efetch.fcgi?db=pubmed&id=26327894&rettype=abstract&retmode=text | ERROR
2026-06-07T18:36:53Z | GET | https://eutils.ncbi.nlm.nih.gov/entrez/eutils/esummary.fcgi?db=pubmed&id=12100180&retmode=json | 200
2026-06-07T18:36:53Z | GET | https://eutils.ncbi.nlm.nih.gov/entrez/eutils/efetch.fcgi?db=pubmed&id=12100180&rettype=abstract&retmode=text | 200
2026-06-07T18:36:54Z | GET | https://eutils.ncbi.nlm.nih.gov/entrez/eutils/esummary.fcgi?db=pubmed&id=21822427&retmode=json | 200
2026-06-07T18:36:55Z | GET | https://eutils.ncbi.nlm.nih.gov/entrez/eutils/efetch.fcgi?db=pubmed&id=21822427&rettype=abstract&retmode=text | 200
2026-06-07T18:36:56Z | GET | https://eutils.ncbi.nlm.nih.gov/entrez/eutils/esummary.fcgi?db=pubmed&id=12100180&retmode=json | 200
2026-06-07T18:36:56Z | GET | https://eutils.ncbi.nlm.nih.gov/entrez/eutils/efetch.fcgi?db=pubmed&id=12100180&rettype=abstract&retmode=text | 200
2026-06-07T18:36:57Z | GET | https://eutils.ncbi.nlm.nih.gov/entrez/eutils/esummary.fcgi?db=pubmed&id=16033423&retmode=json | 200
2026-06-07T18:36:58Z | GET | https://eutils.ncbi.nlm.nih.gov/entrez/eutils/efetch.fcgi?db=pubmed&id=16033423&rettype=abstract&retmode=text | 200
2026-06-07T18:36:59Z | GET | https://eutils.ncbi.nlm.nih.gov/entrez/eutils/esummary.fcgi?db=pubmed&id=16209160&retmode=json | 200
2026-06-07T18:37:00Z | GET | https://eutils.ncbi.nlm.nih.gov/entrez/eutils/efetch.fcgi?db=pubmed&id=16209160&rettype=abstract&retmode=text | 200
2026-06-07T18:37:01Z | GET | https://eutils.ncbi.nlm.nih.gov/entrez/eutils/esummary.fcgi?db=pubmed&id=12498532&retmode=json | 200
2026-06-07T18:37:01Z | GET | https://eutils.ncbi.nlm.nih.gov/entrez/eutils/efetch.fcgi?db=pubmed&id=12498532&rettype=abstract&retmode=text | 200
2026-06-07T18:37:02Z | GET | https://eutils.ncbi.nlm.nih.gov/entrez/eutils/esummary.fcgi?db=pubmed&id=30513568&retmode=json | 200
2026-06-07T18:37:03Z | GET | https://eutils.ncbi.nlm.nih.gov/entrez/eutils/efetch.fcgi?db=pubmed&id=30513568&rettype=abstract&retmode=text | 200
2026-06-07T18:37:04Z | GET | https://eutils.ncbi.nlm.nih.gov/entrez/eutils/esummary.fcgi?db=pubmed&id=31553119&retmode=json | 200
2026-06-07T18:37:05Z | GET | https://eutils.ncbi.nlm.nih.gov/entrez/eutils/efetch.fcgi?db=pubmed&id=31553119&rettype=abstract&retmode=text | 200
2026-06-07T18:37:06Z | GET | https://eutils.ncbi.nlm.nih.gov/entrez/eutils/esummary.fcgi?db=pubmed&id=8854589&retmode=json | 200
2026-06-07T18:37:07Z | GET | https://eutils.ncbi.nlm.nih.gov/entrez/eutils/efetch.fcgi?db=pubmed&id=8854589&rettype=abstract&retmode=text | 200
2026-06-07T18:37:07Z | GET | https://eutils.ncbi.nlm.nih.gov/entrez/eutils/esummary.fcgi?db=pubmed&id=8854589&retmode=json | 200
2026-06-07T18:37:08Z | GET | https://eutils.ncbi.nlm.nih.gov/entrez/eutils/efetch.fcgi?db=pubmed&id=8854589&rettype=abstract&retmode=text | 200
2026-06-07T18:38:00Z | GET | https://eutils.ncbi.nlm.nih.gov/entrez/eutils/esummary.fcgi?db=pubmed&id=15773538&retmode=json | 200
2026-06-07T18:38:01Z | GET | https://eutils.ncbi.nlm.nih.gov/entrez/eutils/efetch.fcgi?db=pubmed&id=15773538&rettype=abstract&retmode=text | 200
2026-06-07T18:38:02Z | GET | https://eutils.ncbi.nlm.nih.gov/entrez/eutils/esummary.fcgi?db=pubmed&id=41302994&retmode=json | 200
2026-06-07T18:38:03Z | GET | https://eutils.ncbi.nlm.nih.gov/entrez/eutils/efetch.fcgi?db=pubmed&id=41302994&rettype=abstract&retmode=text | 200
2026-06-07T18:38:04Z | GET | https://eutils.ncbi.nlm.nih.gov/entrez/eutils/esummary.fcgi?db=pubmed&id=29494115&retmode=json | 200
2026-06-07T18:38:05Z | GET | https://eutils.ncbi.nlm.nih.gov/entrez/eutils/efetch.fcgi?db=pubmed&id=29494115&rettype=abstract&retmode=text | 200
2026-06-07T18:38:06Z | GET | https://eutils.ncbi.nlm.nih.gov/entrez/eutils/esummary.fcgi?db=pubmed&id=12007011&retmode=json | 200
2026-06-07T18:38:06Z | GET | https://eutils.ncbi.nlm.nih.gov/entrez/eutils/efetch.fcgi?db=pubmed&id=12007011&rettype=abstract&retmode=text | 200
2026-06-07T18:38:08Z | GET | https://eutils.ncbi.nlm.nih.gov/entrez/eutils/esummary.fcgi?db=pubmed&id=11735710&retmode=json | 200
2026-06-07T18:38:08Z | GET | https://eutils.ncbi.nlm.nih.gov/entrez/eutils/efetch.fcgi?db=pubmed&id=11735710&rettype=abstract&retmode=text | 200
2026-06-07T18:38:09Z | GET | https://eutils.ncbi.nlm.nih.gov/entrez/eutils/esummary.fcgi?db=pubmed&id=10473961&retmode=json | 200
2026-06-07T18:38:10Z | GET | https://eutils.ncbi.nlm.nih.gov/entrez/eutils/efetch.fcgi?db=pubmed&id=10473961&rettype=abstract&retmode=text | 200
2026-06-07T18:38:10Z | GET | https://eutils.ncbi.nlm.nih.gov/entrez/eutils/esummary.fcgi?db=pubmed&id=29663701&retmode=json | 200
2026-06-07T18:38:11Z | GET | https://eutils.ncbi.nlm.nih.gov/entrez/eutils/efetch.fcgi?db=pubmed&id=29663701&rettype=abstract&retmode=text | 200
2026-06-07T18:38:12Z | GET | https://eutils.ncbi.nlm.nih.gov/entrez/eutils/esummary.fcgi?db=pubmed&id=34211271&retmode=json | 200
2026-06-07T18:38:13Z | GET | https://eutils.ncbi.nlm.nih.gov/entrez/eutils/efetch.fcgi?db=pubmed&id=34211271&rettype=abstract&retmode=text | 200
2026-06-07T18:38:14Z | GET | https://eutils.ncbi.nlm.nih.gov/entrez/eutils/esummary.fcgi?db=pubmed&id=26215715&retmode=json | 200
2026-06-07T18:38:15Z | GET | https://eutils.ncbi.nlm.nih.gov/entrez/eutils/efetch.fcgi?db=pubmed&id=26215715&rettype=abstract&retmode=text | 200
2026-06-07T18:38:17Z | GET | https://eutils.ncbi.nlm.nih.gov/entrez/eutils/esummary.fcgi?db=pubmed&id=99999999&retmode=json | 200
2026-06-07T19:18:53Z | GET | https://eutils.ncbi.nlm.nih.gov/entrez/eutils/esummary.fcgi?db=pubmed&id=9537006&retmode=json&tool=ym_proskin&email=admin@ym-proskin.local | 200
2026-06-07T19:18:53Z | GET | https://eutils.ncbi.nlm.nih.gov/entrez/eutils/efetch.fcgi?db=pubmed&id=9537006&rettype=abstract&retmode=text&tool=ym_proskin&email=admin@ym-proskin.local | 200
2026-06-07T19:19:10Z | GET | https://eutils.ncbi.nlm.nih.gov/entrez/eutils/esummary.fcgi?db=pubmed&id=15773538&retmode=json&tool=ym_proskin&email=admin@ym-proskin.local | 200
2026-06-07T19:19:11Z | GET | https://eutils.ncbi.nlm.nih.gov/entrez/eutils/efetch.fcgi?db=pubmed&id=15773538&rettype=abstract&retmode=text&tool=ym_proskin&email=admin@ym-proskin.local | 200
2026-06-07T19:19:11Z | GET | https://eutils.ncbi.nlm.nih.gov/entrez/eutils/esummary.fcgi?db=pubmed&id=41302994&retmode=json&tool=ym_proskin&email=admin@ym-proskin.local | 200
2026-06-07T19:19:12Z | GET | https://eutils.ncbi.nlm.nih.gov/entrez/eutils/efetch.fcgi?db=pubmed&id=41302994&rettype=abstract&retmode=text&tool=ym_proskin&email=admin@ym-proskin.local | 200
2026-06-07T19:19:12Z | GET | https://eutils.ncbi.nlm.nih.gov/entrez/eutils/esummary.fcgi?db=pubmed&id=15773538&retmode=json&tool=ym_proskin&email=admin@ym-proskin.local | 200
2026-06-07T19:19:13Z | GET | https://eutils.ncbi.nlm.nih.gov/entrez/eutils/efetch.fcgi?db=pubmed&id=15773538&rettype=abstract&retmode=text&tool=ym_proskin&email=admin@ym-proskin.local | 200
2026-06-07T19:19:13Z | GET | https://eutils.ncbi.nlm.nih.gov/entrez/eutils/esummary.fcgi?db=pubmed&id=41302994&retmode=json&tool=ym_proskin&email=admin@ym-proskin.local | 200
2026-06-07T19:19:14Z | GET | https://eutils.ncbi.nlm.nih.gov/entrez/eutils/efetch.fcgi?db=pubmed&id=41302994&rettype=abstract&retmode=text&tool=ym_proskin&email=admin@ym-proskin.local | 200
2026-06-07T19:19:15Z | GET | https://eutils.ncbi.nlm.nih.gov/entrez/eutils/esummary.fcgi?db=pubmed&id=41302994&retmode=json&tool=ym_proskin&email=admin@ym-proskin.local | 200
2026-06-07T19:19:15Z | GET | https://eutils.ncbi.nlm.nih.gov/entrez/eutils/efetch.fcgi?db=pubmed&id=41302994&rettype=abstract&retmode=text&tool=ym_proskin&email=admin@ym-proskin.local | 200
2026-06-07T19:19:15Z | GET | https://eutils.ncbi.nlm.nih.gov/entrez/eutils/esummary.fcgi?db=pubmed&id=29494115&retmode=json&tool=ym_proskin&email=admin@ym-proskin.local | 200
2026-06-07T19:19:16Z | GET | https://eutils.ncbi.nlm.nih.gov/entrez/eutils/efetch.fcgi?db=pubmed&id=29494115&rettype=abstract&retmode=text&tool=ym_proskin&email=admin@ym-proskin.local | 200
2026-06-07T19:19:16Z | GET | https://eutils.ncbi.nlm.nih.gov/entrez/eutils/esummary.fcgi?db=pubmed&id=12007011&retmode=json&tool=ym_proskin&email=admin@ym-proskin.local | 200
2026-06-07T19:19:17Z | GET | https://eutils.ncbi.nlm.nih.gov/entrez/eutils/efetch.fcgi?db=pubmed&id=12007011&rettype=abstract&retmode=text&tool=ym_proskin&email=admin@ym-proskin.local | 200
2026-06-07T19:19:17Z | GET | https://eutils.ncbi.nlm.nih.gov/entrez/eutils/esummary.fcgi?db=pubmed&id=11735710&retmode=json&tool=ym_proskin&email=admin@ym-proskin.local | 200
2026-06-07T19:19:18Z | GET | https://eutils.ncbi.nlm.nih.gov/entrez/eutils/efetch.fcgi?db=pubmed&id=11735710&rettype=abstract&retmode=text&tool=ym_proskin&email=admin@ym-proskin.local | 200
2026-06-07T19:19:18Z | GET | https://eutils.ncbi.nlm.nih.gov/entrez/eutils/esummary.fcgi?db=pubmed&id=10473961&retmode=json&tool=ym_proskin&email=admin@ym-proskin.local | 200
2026-06-07T19:19:19Z | GET | https://eutils.ncbi.nlm.nih.gov/entrez/eutils/efetch.fcgi?db=pubmed&id=10473961&rettype=abstract&retmode=text&tool=ym_proskin&email=admin@ym-proskin.local | 200
2026-06-07T19:19:19Z | GET | https://eutils.ncbi.nlm.nih.gov/entrez/eutils/esummary.fcgi?db=pubmed&id=29663701&retmode=json&tool=ym_proskin&email=admin@ym-proskin.local | 200
2026-06-07T19:19:19Z | GET | https://eutils.ncbi.nlm.nih.gov/entrez/eutils/efetch.fcgi?db=pubmed&id=29663701&rettype=abstract&retmode=text&tool=ym_proskin&email=admin@ym-proskin.local | 200
2026-06-07T19:19:20Z | GET | https://eutils.ncbi.nlm.nih.gov/entrez/eutils/esummary.fcgi?db=pubmed&id=34211271&retmode=json&tool=ym_proskin&email=admin@ym-proskin.local | 200
2026-06-07T19:19:20Z | GET | https://eutils.ncbi.nlm.nih.gov/entrez/eutils/efetch.fcgi?db=pubmed&id=34211271&rettype=abstract&retmode=text&tool=ym_proskin&email=admin@ym-proskin.local | 200
2026-06-07T19:19:21Z | GET | https://eutils.ncbi.nlm.nih.gov/entrez/eutils/esummary.fcgi?db=pubmed&id=26215715&retmode=json&tool=ym_proskin&email=admin@ym-proskin.local | 200
2026-06-07T19:19:21Z | GET | https://eutils.ncbi.nlm.nih.gov/entrez/eutils/efetch.fcgi?db=pubmed&id=26215715&rettype=abstract&retmode=text&tool=ym_proskin&email=admin@ym-proskin.local | 200
2026-06-07T19:19:21Z | GET | https://eutils.ncbi.nlm.nih.gov/entrez/eutils/esummary.fcgi?db=pubmed&id=32250551&retmode=json&tool=ym_proskin&email=admin@ym-proskin.local | 200
2026-06-07T19:19:22Z | GET | https://eutils.ncbi.nlm.nih.gov/entrez/eutils/efetch.fcgi?db=pubmed&id=32250551&rettype=abstract&retmode=text&tool=ym_proskin&email=admin@ym-proskin.local | 200
2026-06-07T19:19:22Z | GET | https://eutils.ncbi.nlm.nih.gov/entrez/eutils/esummary.fcgi?db=pubmed&id=19076192&retmode=json&tool=ym_proskin&email=admin@ym-proskin.local | 200
2026-06-07T19:19:23Z | GET | https://eutils.ncbi.nlm.nih.gov/entrez/eutils/efetch.fcgi?db=pubmed&id=19076192&rettype=abstract&retmode=text&tool=ym_proskin&email=admin@ym-proskin.local | 200
2026-06-07T19:19:23Z | GET | https://eutils.ncbi.nlm.nih.gov/entrez/eutils/esummary.fcgi?db=pubmed&id=9537006&retmode=json&tool=ym_proskin&email=admin@ym-proskin.local | 200
2026-06-07T19:19:24Z | GET | https://eutils.ncbi.nlm.nih.gov/entrez/eutils/efetch.fcgi?db=pubmed&id=9537006&rettype=abstract&retmode=text&tool=ym_proskin&email=admin@ym-proskin.local | 200
2026-06-07T19:19:24Z | GET | https://eutils.ncbi.nlm.nih.gov/entrez/eutils/esummary.fcgi?db=pubmed&id=8634809&retmode=json&tool=ym_proskin&email=admin@ym-proskin.local | 200
2026-06-07T19:19:25Z | GET | https://eutils.ncbi.nlm.nih.gov/entrez/eutils/efetch.fcgi?db=pubmed&id=8634809&rettype=abstract&retmode=text&tool=ym_proskin&email=admin@ym-proskin.local | 200
2026-06-07T19:19:25Z | GET | https://eutils.ncbi.nlm.nih.gov/entrez/eutils/esummary.fcgi?db=pubmed&id=29104718&retmode=json&tool=ym_proskin&email=admin@ym-proskin.local | 200
2026-06-07T19:19:26Z | GET | https://eutils.ncbi.nlm.nih.gov/entrez/eutils/efetch.fcgi?db=pubmed&id=29104718&rettype=abstract&retmode=text&tool=ym_proskin&email=admin@ym-proskin.local | 200
2026-06-07T19:19:26Z | GET | https://eutils.ncbi.nlm.nih.gov/entrez/eutils/esummary.fcgi?db=pubmed&id=20367669&retmode=json&tool=ym_proskin&email=admin@ym-proskin.local | 200
2026-06-07T19:19:27Z | GET | https://eutils.ncbi.nlm.nih.gov/entrez/eutils/efetch.fcgi?db=pubmed&id=20367669&rettype=abstract&retmode=text&tool=ym_proskin&email=admin@ym-proskin.local | 200
2026-06-07T19:19:27Z | GET | https://eutils.ncbi.nlm.nih.gov/entrez/eutils/esummary.fcgi?db=pubmed&id=17147561&retmode=json&tool=ym_proskin&email=admin@ym-proskin.local | 200
2026-06-07T19:19:27Z | GET | https://eutils.ncbi.nlm.nih.gov/entrez/eutils/efetch.fcgi?db=pubmed&id=17147561&rettype=abstract&retmode=text&tool=ym_proskin&email=admin@ym-proskin.local | 200
2026-06-07T19:19:28Z | GET | https://eutils.ncbi.nlm.nih.gov/entrez/eutils/esummary.fcgi?db=pubmed&id=28220628&retmode=json&tool=ym_proskin&email=admin@ym-proskin.local | 200
2026-06-07T19:19:28Z | GET | https://eutils.ncbi.nlm.nih.gov/entrez/eutils/efetch.fcgi?db=pubmed&id=28220628&rettype=abstract&retmode=text&tool=ym_proskin&email=admin@ym-proskin.local | 200
2026-06-07T19:19:29Z | GET | https://eutils.ncbi.nlm.nih.gov/entrez/eutils/esummary.fcgi?db=pubmed&id=11207686&retmode=json&tool=ym_proskin&email=admin@ym-proskin.local | 200
2026-06-07T19:19:30Z | GET | https://eutils.ncbi.nlm.nih.gov/entrez/eutils/efetch.fcgi?db=pubmed&id=11207686&rettype=abstract&retmode=text&tool=ym_proskin&email=admin@ym-proskin.local | 200
2026-06-07T19:19:30Z | GET | https://eutils.ncbi.nlm.nih.gov/entrez/eutils/esummary.fcgi?db=pubmed&id=11207686&retmode=json&tool=ym_proskin&email=admin@ym-proskin.local | 200
2026-06-07T19:19:30Z | GET | https://eutils.ncbi.nlm.nih.gov/entrez/eutils/efetch.fcgi?db=pubmed&id=11207686&rettype=abstract&retmode=text&tool=ym_proskin&email=admin@ym-proskin.local | 200
2026-06-07T19:19:31Z | GET | https://eutils.ncbi.nlm.nih.gov/entrez/eutils/esummary.fcgi?db=pubmed&id=11407971&retmode=json&tool=ym_proskin&email=admin@ym-proskin.local | 200
2026-06-07T19:19:31Z | GET | https://eutils.ncbi.nlm.nih.gov/entrez/eutils/efetch.fcgi?db=pubmed&id=11407971&rettype=abstract&retmode=text&tool=ym_proskin&email=admin@ym-proskin.local | 200
2026-06-07T19:19:32Z | GET | https://eutils.ncbi.nlm.nih.gov/entrez/eutils/esummary.fcgi?db=pubmed&id=26327894&retmode=json&tool=ym_proskin&email=admin@ym-proskin.local | 200
2026-06-07T19:19:32Z | GET | https://eutils.ncbi.nlm.nih.gov/entrez/eutils/efetch.fcgi?db=pubmed&id=26327894&rettype=abstract&retmode=text&tool=ym_proskin&email=admin@ym-proskin.local | 200
2026-06-07T19:19:33Z | GET | https://eutils.ncbi.nlm.nih.gov/entrez/eutils/esummary.fcgi?db=pubmed&id=12100180&retmode=json&tool=ym_proskin&email=admin@ym-proskin.local | 200
2026-06-07T19:19:33Z | GET | https://eutils.ncbi.nlm.nih.gov/entrez/eutils/efetch.fcgi?db=pubmed&id=12100180&rettype=abstract&retmode=text&tool=ym_proskin&email=admin@ym-proskin.local | 200
2026-06-07T19:19:34Z | GET | https://eutils.ncbi.nlm.nih.gov/entrez/eutils/esummary.fcgi?db=pubmed&id=21822427&retmode=json&tool=ym_proskin&email=admin@ym-proskin.local | 200
2026-06-07T19:19:34Z | GET | https://eutils.ncbi.nlm.nih.gov/entrez/eutils/efetch.fcgi?db=pubmed&id=21822427&rettype=abstract&retmode=text&tool=ym_proskin&email=admin@ym-proskin.local | 200
2026-06-07T19:19:34Z | GET | https://eutils.ncbi.nlm.nih.gov/entrez/eutils/esummary.fcgi?db=pubmed&id=12100180&retmode=json&tool=ym_proskin&email=admin@ym-proskin.local | 200
2026-06-07T19:19:35Z | GET | https://eutils.ncbi.nlm.nih.gov/entrez/eutils/efetch.fcgi?db=pubmed&id=12100180&rettype=abstract&retmode=text&tool=ym_proskin&email=admin@ym-proskin.local | 200
2026-06-07T19:19:36Z | GET | https://eutils.ncbi.nlm.nih.gov/entrez/eutils/esummary.fcgi?db=pubmed&id=16209160&retmode=json&tool=ym_proskin&email=admin@ym-proskin.local | 200
2026-06-07T19:19:36Z | GET | https://eutils.ncbi.nlm.nih.gov/entrez/eutils/efetch.fcgi?db=pubmed&id=16209160&rettype=abstract&retmode=text&tool=ym_proskin&email=admin@ym-proskin.local | 200
2026-06-07T19:19:36Z | GET | https://eutils.ncbi.nlm.nih.gov/entrez/eutils/esummary.fcgi?db=pubmed&id=12498532&retmode=json&tool=ym_proskin&email=admin@ym-proskin.local | 200
2026-06-07T19:19:37Z | GET | https://eutils.ncbi.nlm.nih.gov/entrez/eutils/efetch.fcgi?db=pubmed&id=12498532&rettype=abstract&retmode=text&tool=ym_proskin&email=admin@ym-proskin.local | 200
2026-06-07T19:19:37Z | GET | https://eutils.ncbi.nlm.nih.gov/entrez/eutils/esummary.fcgi?db=pubmed&id=31553119&retmode=json&tool=ym_proskin&email=admin@ym-proskin.local | 200
2026-06-07T19:19:38Z | GET | https://eutils.ncbi.nlm.nih.gov/entrez/eutils/efetch.fcgi?db=pubmed&id=31553119&rettype=abstract&retmode=text&tool=ym_proskin&email=admin@ym-proskin.local | 200
2026-06-07T19:20:14Z | GET | https://eutils.ncbi.nlm.nih.gov/entrez/eutils/esummary.fcgi?db=pubmed&id=15773538&retmode=json&tool=ym_proskin&email=admin@ym-proskin.local | 200
2026-06-07T19:20:14Z | GET | https://eutils.ncbi.nlm.nih.gov/entrez/eutils/efetch.fcgi?db=pubmed&id=15773538&rettype=abstract&retmode=text&tool=ym_proskin&email=admin@ym-proskin.local | 200
2026-06-07T19:20:15Z | GET | https://eutils.ncbi.nlm.nih.gov/entrez/eutils/esummary.fcgi?db=pubmed&id=41302994&retmode=json&tool=ym_proskin&email=admin@ym-proskin.local | 200
2026-06-07T19:20:15Z | GET | https://eutils.ncbi.nlm.nih.gov/entrez/eutils/efetch.fcgi?db=pubmed&id=41302994&rettype=abstract&retmode=text&tool=ym_proskin&email=admin@ym-proskin.local | 200
2026-06-07T19:20:16Z | GET | https://eutils.ncbi.nlm.nih.gov/entrez/eutils/esummary.fcgi?db=pubmed&id=29494115&retmode=json&tool=ym_proskin&email=admin@ym-proskin.local | 200
2026-06-07T19:20:16Z | GET | https://eutils.ncbi.nlm.nih.gov/entrez/eutils/efetch.fcgi?db=pubmed&id=29494115&rettype=abstract&retmode=text&tool=ym_proskin&email=admin@ym-proskin.local | 200
2026-06-07T19:20:17Z | GET | https://eutils.ncbi.nlm.nih.gov/entrez/eutils/esummary.fcgi?db=pubmed&id=12007011&retmode=json&tool=ym_proskin&email=admin@ym-proskin.local | 200
2026-06-07T19:20:17Z | GET | https://eutils.ncbi.nlm.nih.gov/entrez/eutils/efetch.fcgi?db=pubmed&id=12007011&rettype=abstract&retmode=text&tool=ym_proskin&email=admin@ym-proskin.local | 200
2026-06-07T19:20:18Z | GET | https://eutils.ncbi.nlm.nih.gov/entrez/eutils/esummary.fcgi?db=pubmed&id=11735710&retmode=json&tool=ym_proskin&email=admin@ym-proskin.local | 200
2026-06-07T19:20:18Z | GET | https://eutils.ncbi.nlm.nih.gov/entrez/eutils/efetch.fcgi?db=pubmed&id=11735710&rettype=abstract&retmode=text&tool=ym_proskin&email=admin@ym-proskin.local | 200
2026-06-07T19:20:19Z | GET | https://eutils.ncbi.nlm.nih.gov/entrez/eutils/esummary.fcgi?db=pubmed&id=10473961&retmode=json&tool=ym_proskin&email=admin@ym-proskin.local | 200
2026-06-07T19:20:19Z | GET | https://eutils.ncbi.nlm.nih.gov/entrez/eutils/efetch.fcgi?db=pubmed&id=10473961&rettype=abstract&retmode=text&tool=ym_proskin&email=admin@ym-proskin.local | 200
2026-06-07T19:20:20Z | GET | https://eutils.ncbi.nlm.nih.gov/entrez/eutils/esummary.fcgi?db=pubmed&id=29663701&retmode=json&tool=ym_proskin&email=admin@ym-proskin.local | 200
2026-06-07T19:20:20Z | GET | https://eutils.ncbi.nlm.nih.gov/entrez/eutils/efetch.fcgi?db=pubmed&id=29663701&rettype=abstract&retmode=text&tool=ym_proskin&email=admin@ym-proskin.local | 200
2026-06-07T19:20:21Z | GET | https://eutils.ncbi.nlm.nih.gov/entrez/eutils/esummary.fcgi?db=pubmed&id=34211271&retmode=json&tool=ym_proskin&email=admin@ym-proskin.local | 200
2026-06-07T19:20:21Z | GET | https://eutils.ncbi.nlm.nih.gov/entrez/eutils/efetch.fcgi?db=pubmed&id=34211271&rettype=abstract&retmode=text&tool=ym_proskin&email=admin@ym-proskin.local | 200
2026-06-07T19:20:21Z | GET | https://eutils.ncbi.nlm.nih.gov/entrez/eutils/esummary.fcgi?db=pubmed&id=26215715&retmode=json&tool=ym_proskin&email=admin@ym-proskin.local | 200
2026-06-07T19:20:22Z | GET | https://eutils.ncbi.nlm.nih.gov/entrez/eutils/efetch.fcgi?db=pubmed&id=26215715&rettype=abstract&retmode=text&tool=ym_proskin&email=admin@ym-proskin.local | 200
2026-06-07T19:20:24Z | GET | https://eutils.ncbi.nlm.nih.gov/entrez/eutils/esummary.fcgi?db=pubmed&id=99999999&retmode=json&tool=ym_proskin&email=admin@ym-proskin.local | 200
2026-06-08T00:25:16Z | GET | https://eutils.ncbi.nlm.nih.gov/entrez/eutils/esummary.fcgi?db=pubmed&id=29104718&retmode=json&tool=ym_proskin&email=admin@ym-proskin.local | 200
2026-06-08T00:25:17Z | GET | https://eutils.ncbi.nlm.nih.gov/entrez/eutils/efetch.fcgi?db=pubmed&id=29104718&rettype=abstract&retmode=text&tool=ym_proskin&email=admin@ym-proskin.local | 200
2026-06-08T00:25:17Z | GET | https://eutils.ncbi.nlm.nih.gov/entrez/eutils/esummary.fcgi?db=pubmed&id=18505499&retmode=json&tool=ym_proskin&email=admin@ym-proskin.local | 200
2026-06-08T00:25:18Z | GET | https://eutils.ncbi.nlm.nih.gov/entrez/eutils/efetch.fcgi?db=pubmed&id=18505499&rettype=abstract&retmode=text&tool=ym_proskin&email=admin@ym-proskin.local | 200
2026-06-08T00:25:18Z | GET | https://eutils.ncbi.nlm.nih.gov/entrez/eutils/esummary.fcgi?db=pubmed&id=26327894&retmode=json&tool=ym_proskin&email=admin@ym-proskin.local | 200
2026-06-08T00:25:19Z | GET | https://eutils.ncbi.nlm.nih.gov/entrez/eutils/efetch.fcgi?db=pubmed&id=26327894&rettype=abstract&retmode=text&tool=ym_proskin&email=admin@ym-proskin.local | 200
2026-06-08T00:25:19Z | GET | https://eutils.ncbi.nlm.nih.gov/entrez/eutils/esummary.fcgi?db=pubmed&id=20367669&retmode=json&tool=ym_proskin&email=admin@ym-proskin.local | 200
2026-06-08T00:25:20Z | GET | https://eutils.ncbi.nlm.nih.gov/entrez/eutils/efetch.fcgi?db=pubmed&id=20367669&rettype=abstract&retmode=text&tool=ym_proskin&email=admin@ym-proskin.local | 200
2026-06-08T00:25:21Z | GET | https://eutils.ncbi.nlm.nih.gov/entrez/eutils/esummary.fcgi?db=pubmed&id=11207686&retmode=json&tool=ym_proskin&email=admin@ym-proskin.local | 200
2026-06-08T00:25:21Z | GET | https://eutils.ncbi.nlm.nih.gov/entrez/eutils/efetch.fcgi?db=pubmed&id=11207686&rettype=abstract&retmode=text&tool=ym_proskin&email=admin@ym-proskin.local | 200
2026-06-08T00:25:22Z | GET | https://eutils.ncbi.nlm.nih.gov/entrez/eutils/esummary.fcgi?db=pubmed&id=11207686&retmode=json&tool=ym_proskin&email=admin@ym-proskin.local | 200
2026-06-08T00:25:22Z | GET | https://eutils.ncbi.nlm.nih.gov/entrez/eutils/efetch.fcgi?db=pubmed&id=11207686&rettype=abstract&retmode=text&tool=ym_proskin&email=admin@ym-proskin.local | 200
2026-06-08T00:25:23Z | GET | https://eutils.ncbi.nlm.nih.gov/entrez/eutils/esummary.fcgi?db=pubmed&id=11407971&retmode=json&tool=ym_proskin&email=admin@ym-proskin.local | 200
2026-06-08T00:25:24Z | GET | https://eutils.ncbi.nlm.nih.gov/entrez/eutils/efetch.fcgi?db=pubmed&id=11407971&rettype=abstract&retmode=text&tool=ym_proskin&email=admin@ym-proskin.local | 200
2026-06-08T00:25:25Z | GET | https://eutils.ncbi.nlm.nih.gov/entrez/eutils/esummary.fcgi?db=pubmed&id=18505499&retmode=json&tool=ym_proskin&email=admin@ym-proskin.local | 200
2026-06-08T00:25:25Z | GET | https://eutils.ncbi.nlm.nih.gov/entrez/eutils/efetch.fcgi?db=pubmed&id=18505499&rettype=abstract&retmode=text&tool=ym_proskin&email=admin@ym-proskin.local | 200
2026-06-08T00:27:05Z | GET | https://eutils.ncbi.nlm.nih.gov/entrez/eutils/esummary.fcgi?db=pubmed&id=11207686&retmode=json&tool=ym_proskin&email=admin@ym-proskin.local | 200
2026-06-08T00:27:06Z | GET | https://eutils.ncbi.nlm.nih.gov/entrez/eutils/efetch.fcgi?db=pubmed&id=11207686&rettype=abstract&retmode=text&tool=ym_proskin&email=admin@ym-proskin.local | 200
2026-06-08T00:27:06Z | GET | https://eutils.ncbi.nlm.nih.gov/entrez/eutils/esummary.fcgi?db=pubmed&id=11207686&retmode=json&tool=ym_proskin&email=admin@ym-proskin.local | 200
2026-06-08T00:27:06Z | GET | https://eutils.ncbi.nlm.nih.gov/entrez/eutils/efetch.fcgi?db=pubmed&id=11207686&rettype=abstract&retmode=text&tool=ym_proskin&email=admin@ym-proskin.local | 200
2026-06-08T00:27:07Z | GET | https://eutils.ncbi.nlm.nih.gov/entrez/eutils/esummary.fcgi?db=pubmed&id=11407971&retmode=json&tool=ym_proskin&email=admin@ym-proskin.local | 200
2026-06-08T00:27:07Z | GET | https://eutils.ncbi.nlm.nih.gov/entrez/eutils/efetch.fcgi?db=pubmed&id=11407971&rettype=abstract&retmode=text&tool=ym_proskin&email=admin@ym-proskin.local | 200
2026-06-08T00:27:08Z | GET | https://eutils.ncbi.nlm.nih.gov/entrez/eutils/esummary.fcgi?db=pubmed&id=18492135&retmode=json&tool=ym_proskin&email=admin@ym-proskin.local | 200
2026-06-08T00:27:08Z | GET | https://eutils.ncbi.nlm.nih.gov/entrez/eutils/efetch.fcgi?db=pubmed&id=18492135&rettype=abstract&retmode=text&tool=ym_proskin&email=admin@ym-proskin.local | 200
2026-06-08T00:27:09Z | GET | https://eutils.ncbi.nlm.nih.gov/entrez/eutils/esummary.fcgi?db=pubmed&id=8642081&retmode=json&tool=ym_proskin&email=admin@ym-proskin.local | 200
2026-06-08T00:27:10Z | GET | https://eutils.ncbi.nlm.nih.gov/entrez/eutils/efetch.fcgi?db=pubmed&id=8642081&rettype=abstract&retmode=text&tool=ym_proskin&email=admin@ym-proskin.local | 200
2026-06-08T00:27:10Z | GET | https://eutils.ncbi.nlm.nih.gov/entrez/eutils/esummary.fcgi?db=pubmed&id=26347269&retmode=json&tool=ym_proskin&email=admin@ym-proskin.local | 200
2026-06-08T00:27:10Z | GET | https://eutils.ncbi.nlm.nih.gov/entrez/eutils/efetch.fcgi?db=pubmed&id=26347269&rettype=abstract&retmode=text&tool=ym_proskin&email=admin@ym-proskin.local | 200
2026-06-08T00:27:11Z | GET | https://eutils.ncbi.nlm.nih.gov/entrez/eutils/esummary.fcgi?db=pubmed&id=31619887&retmode=json&tool=ym_proskin&email=admin@ym-proskin.local | 200
2026-06-08T00:27:11Z | GET | https://eutils.ncbi.nlm.nih.gov/entrez/eutils/efetch.fcgi?db=pubmed&id=31619887&rettype=abstract&retmode=text&tool=ym_proskin&email=admin@ym-proskin.local | 200
2026-06-08T00:32:57Z | GET | https://eutils.ncbi.nlm.nih.gov/entrez/eutils/esummary.fcgi?db=pubmed&id=15773538&retmode=json&tool=ym_proskin&email=admin@ym-proskin.local | 200
2026-06-08T00:32:57Z | GET | https://eutils.ncbi.nlm.nih.gov/entrez/eutils/efetch.fcgi?db=pubmed&id=15773538&rettype=abstract&retmode=text&tool=ym_proskin&email=admin@ym-proskin.local | 200
2026-06-08T00:32:58Z | GET | https://eutils.ncbi.nlm.nih.gov/entrez/eutils/esummary.fcgi?db=pubmed&id=41302994&retmode=json&tool=ym_proskin&email=admin@ym-proskin.local | 200
2026-06-08T00:32:58Z | GET | https://eutils.ncbi.nlm.nih.gov/entrez/eutils/efetch.fcgi?db=pubmed&id=41302994&rettype=abstract&retmode=text&tool=ym_proskin&email=admin@ym-proskin.local | 200
2026-06-08T00:32:59Z | GET | https://eutils.ncbi.nlm.nih.gov/entrez/eutils/esummary.fcgi?db=pubmed&id=29494115&retmode=json&tool=ym_proskin&email=admin@ym-proskin.local | 200
2026-06-08T00:32:59Z | GET | https://eutils.ncbi.nlm.nih.gov/entrez/eutils/efetch.fcgi?db=pubmed&id=29494115&rettype=abstract&retmode=text&tool=ym_proskin&email=admin@ym-proskin.local | 200
2026-06-08T00:33:00Z | GET | https://eutils.ncbi.nlm.nih.gov/entrez/eutils/esummary.fcgi?db=pubmed&id=12007011&retmode=json&tool=ym_proskin&email=admin@ym-proskin.local | 200
2026-06-08T00:33:00Z | GET | https://eutils.ncbi.nlm.nih.gov/entrez/eutils/efetch.fcgi?db=pubmed&id=12007011&rettype=abstract&retmode=text&tool=ym_proskin&email=admin@ym-proskin.local | 200
2026-06-08T00:33:01Z | GET | https://eutils.ncbi.nlm.nih.gov/entrez/eutils/esummary.fcgi?db=pubmed&id=11735710&retmode=json&tool=ym_proskin&email=admin@ym-proskin.local | 200
2026-06-08T00:33:01Z | GET | https://eutils.ncbi.nlm.nih.gov/entrez/eutils/efetch.fcgi?db=pubmed&id=11735710&rettype=abstract&retmode=text&tool=ym_proskin&email=admin@ym-proskin.local | 200
2026-06-08T00:33:01Z | GET | https://eutils.ncbi.nlm.nih.gov/entrez/eutils/esummary.fcgi?db=pubmed&id=10473961&retmode=json&tool=ym_proskin&email=admin@ym-proskin.local | 200
2026-06-08T00:33:02Z | GET | https://eutils.ncbi.nlm.nih.gov/entrez/eutils/efetch.fcgi?db=pubmed&id=10473961&rettype=abstract&retmode=text&tool=ym_proskin&email=admin@ym-proskin.local | 200
2026-06-08T00:33:02Z | GET | https://eutils.ncbi.nlm.nih.gov/entrez/eutils/esummary.fcgi?db=pubmed&id=29663701&retmode=json&tool=ym_proskin&email=admin@ym-proskin.local | 200
2026-06-08T00:33:03Z | GET | https://eutils.ncbi.nlm.nih.gov/entrez/eutils/efetch.fcgi?db=pubmed&id=29663701&rettype=abstract&retmode=text&tool=ym_proskin&email=admin@ym-proskin.local | 200
2026-06-08T00:33:04Z | GET | https://eutils.ncbi.nlm.nih.gov/entrez/eutils/esummary.fcgi?db=pubmed&id=34211271&retmode=json&tool=ym_proskin&email=admin@ym-proskin.local | 200
2026-06-08T00:33:04Z | GET | https://eutils.ncbi.nlm.nih.gov/entrez/eutils/efetch.fcgi?db=pubmed&id=34211271&rettype=abstract&retmode=text&tool=ym_proskin&email=admin@ym-proskin.local | 200
2026-06-08T00:33:04Z | GET | https://eutils.ncbi.nlm.nih.gov/entrez/eutils/esummary.fcgi?db=pubmed&id=26215715&retmode=json&tool=ym_proskin&email=admin@ym-proskin.local | 200
2026-06-08T00:33:05Z | GET | https://eutils.ncbi.nlm.nih.gov/entrez/eutils/efetch.fcgi?db=pubmed&id=26215715&rettype=abstract&retmode=text&tool=ym_proskin&email=admin@ym-proskin.local | 200
2026-06-08T00:33:08Z | GET | https://eutils.ncbi.nlm.nih.gov/entrez/eutils/esummary.fcgi?db=pubmed&id=99999999&retmode=json&tool=ym_proskin&email=admin@ym-proskin.local | 200
2026-06-08T01:08:11Z | GET | https://eutils.ncbi.nlm.nih.gov/entrez/eutils/esummary.fcgi?db=pubmed&id=15773538&retmode=json&tool=ym_proskin&email=admin@ym-proskin.local | 200
2026-06-08T01:08:11Z | GET | https://eutils.ncbi.nlm.nih.gov/entrez/eutils/efetch.fcgi?db=pubmed&id=15773538&rettype=abstract&retmode=text&tool=ym_proskin&email=admin@ym-proskin.local | 200
2026-06-08T01:08:12Z | GET | https://eutils.ncbi.nlm.nih.gov/entrez/eutils/esummary.fcgi?db=pubmed&id=41302994&retmode=json&tool=ym_proskin&email=admin@ym-proskin.local | 200
2026-06-08T01:08:12Z | GET | https://eutils.ncbi.nlm.nih.gov/entrez/eutils/efetch.fcgi?db=pubmed&id=41302994&rettype=abstract&retmode=text&tool=ym_proskin&email=admin@ym-proskin.local | 200
2026-06-08T01:08:13Z | GET | https://eutils.ncbi.nlm.nih.gov/entrez/eutils/esummary.fcgi?db=pubmed&id=29494115&retmode=json&tool=ym_proskin&email=admin@ym-proskin.local | 200
2026-06-08T01:08:14Z | GET | https://eutils.ncbi.nlm.nih.gov/entrez/eutils/efetch.fcgi?db=pubmed&id=29494115&rettype=abstract&retmode=text&tool=ym_proskin&email=admin@ym-proskin.local | 200
2026-06-08T01:08:14Z | GET | https://eutils.ncbi.nlm.nih.gov/entrez/eutils/esummary.fcgi?db=pubmed&id=12007011&retmode=json&tool=ym_proskin&email=admin@ym-proskin.local | 200
2026-06-08T01:08:14Z | GET | https://eutils.ncbi.nlm.nih.gov/entrez/eutils/efetch.fcgi?db=pubmed&id=12007011&rettype=abstract&retmode=text&tool=ym_proskin&email=admin@ym-proskin.local | 200
2026-06-08T01:08:15Z | GET | https://eutils.ncbi.nlm.nih.gov/entrez/eutils/esummary.fcgi?db=pubmed&id=11735710&retmode=json&tool=ym_proskin&email=admin@ym-proskin.local | 200
2026-06-08T01:08:15Z | GET | https://eutils.ncbi.nlm.nih.gov/entrez/eutils/efetch.fcgi?db=pubmed&id=11735710&rettype=abstract&retmode=text&tool=ym_proskin&email=admin@ym-proskin.local | 200
2026-06-08T01:08:16Z | GET | https://eutils.ncbi.nlm.nih.gov/entrez/eutils/esummary.fcgi?db=pubmed&id=10473961&retmode=json&tool=ym_proskin&email=admin@ym-proskin.local | 200
2026-06-08T01:08:16Z | GET | https://eutils.ncbi.nlm.nih.gov/entrez/eutils/efetch.fcgi?db=pubmed&id=10473961&rettype=abstract&retmode=text&tool=ym_proskin&email=admin@ym-proskin.local | 200
2026-06-08T01:08:17Z | GET | https://eutils.ncbi.nlm.nih.gov/entrez/eutils/esummary.fcgi?db=pubmed&id=29663701&retmode=json&tool=ym_proskin&email=admin@ym-proskin.local | 200
2026-06-08T01:08:17Z | GET | https://eutils.ncbi.nlm.nih.gov/entrez/eutils/efetch.fcgi?db=pubmed&id=29663701&rettype=abstract&retmode=text&tool=ym_proskin&email=admin@ym-proskin.local | 200
2026-06-08T01:08:18Z | GET | https://eutils.ncbi.nlm.nih.gov/entrez/eutils/esummary.fcgi?db=pubmed&id=34211271&retmode=json&tool=ym_proskin&email=admin@ym-proskin.local | 200
2026-06-08T01:08:18Z | GET | https://eutils.ncbi.nlm.nih.gov/entrez/eutils/efetch.fcgi?db=pubmed&id=34211271&rettype=abstract&retmode=text&tool=ym_proskin&email=admin@ym-proskin.local | 429
2026-06-08T01:08:18Z | GET | https://eutils.ncbi.nlm.nih.gov/entrez/eutils/esummary.fcgi?db=pubmed&id=26215715&retmode=json&tool=ym_proskin&email=admin@ym-proskin.local | 200
2026-06-08T01:08:19Z | GET | https://eutils.ncbi.nlm.nih.gov/entrez/eutils/efetch.fcgi?db=pubmed&id=26215715&rettype=abstract&retmode=text&tool=ym_proskin&email=admin@ym-proskin.local | 200
2026-06-08T01:08:22Z | GET | https://eutils.ncbi.nlm.nih.gov/entrez/eutils/esummary.fcgi?db=pubmed&id=99999999&retmode=json&tool=ym_proskin&email=admin@ym-proskin.local | 200
2026-06-08T09:06:53Z | GET | https://eutils.ncbi.nlm.nih.gov/entrez/eutils/esummary.fcgi?db=pubmed&id=15773538&retmode=json&tool=ym_proskin&email=admin@ym-proskin.local | 200
2026-06-08T09:06:53Z | GET | https://eutils.ncbi.nlm.nih.gov/entrez/eutils/efetch.fcgi?db=pubmed&id=15773538&rettype=abstract&retmode=text&tool=ym_proskin&email=admin@ym-proskin.local | 200
2026-06-08T09:06:54Z | GET | https://eutils.ncbi.nlm.nih.gov/entrez/eutils/esummary.fcgi?db=pubmed&id=41302994&retmode=json&tool=ym_proskin&email=admin@ym-proskin.local | 200
2026-06-08T09:06:54Z | GET | https://eutils.ncbi.nlm.nih.gov/entrez/eutils/efetch.fcgi?db=pubmed&id=41302994&rettype=abstract&retmode=text&tool=ym_proskin&email=admin@ym-proskin.local | 200
2026-06-08T09:06:55Z | GET | https://eutils.ncbi.nlm.nih.gov/entrez/eutils/esummary.fcgi?db=pubmed&id=29494115&retmode=json&tool=ym_proskin&email=admin@ym-proskin.local | 200
2026-06-08T09:06:56Z | GET | https://eutils.ncbi.nlm.nih.gov/entrez/eutils/efetch.fcgi?db=pubmed&id=29494115&rettype=abstract&retmode=text&tool=ym_proskin&email=admin@ym-proskin.local | 200
2026-06-08T09:06:56Z | GET | https://eutils.ncbi.nlm.nih.gov/entrez/eutils/esummary.fcgi?db=pubmed&id=12007011&retmode=json&tool=ym_proskin&email=admin@ym-proskin.local | 200
2026-06-08T09:06:57Z | GET | https://eutils.ncbi.nlm.nih.gov/entrez/eutils/efetch.fcgi?db=pubmed&id=12007011&rettype=abstract&retmode=text&tool=ym_proskin&email=admin@ym-proskin.local | 200
2026-06-08T09:06:57Z | GET | https://eutils.ncbi.nlm.nih.gov/entrez/eutils/esummary.fcgi?db=pubmed&id=11735710&retmode=json&tool=ym_proskin&email=admin@ym-proskin.local | 200
2026-06-08T09:06:58Z | GET | https://eutils.ncbi.nlm.nih.gov/entrez/eutils/efetch.fcgi?db=pubmed&id=11735710&rettype=abstract&retmode=text&tool=ym_proskin&email=admin@ym-proskin.local | 200
2026-06-08T09:06:58Z | GET | https://eutils.ncbi.nlm.nih.gov/entrez/eutils/esummary.fcgi?db=pubmed&id=10473961&retmode=json&tool=ym_proskin&email=admin@ym-proskin.local | 200
2026-06-08T09:06:58Z | GET | https://eutils.ncbi.nlm.nih.gov/entrez/eutils/efetch.fcgi?db=pubmed&id=10473961&rettype=abstract&retmode=text&tool=ym_proskin&email=admin@ym-proskin.local | 200
2026-06-08T09:06:59Z | GET | https://eutils.ncbi.nlm.nih.gov/entrez/eutils/esummary.fcgi?db=pubmed&id=29663701&retmode=json&tool=ym_proskin&email=admin@ym-proskin.local | 200
2026-06-08T09:06:59Z | GET | https://eutils.ncbi.nlm.nih.gov/entrez/eutils/efetch.fcgi?db=pubmed&id=29663701&rettype=abstract&retmode=text&tool=ym_proskin&email=admin@ym-proskin.local | 200
2026-06-08T09:07:00Z | GET | https://eutils.ncbi.nlm.nih.gov/entrez/eutils/esummary.fcgi?db=pubmed&id=34211271&retmode=json&tool=ym_proskin&email=admin@ym-proskin.local | 200
2026-06-08T09:07:00Z | GET | https://eutils.ncbi.nlm.nih.gov/entrez/eutils/efetch.fcgi?db=pubmed&id=34211271&rettype=abstract&retmode=text&tool=ym_proskin&email=admin@ym-proskin.local | 200
2026-06-08T09:07:01Z | GET | https://eutils.ncbi.nlm.nih.gov/entrez/eutils/esummary.fcgi?db=pubmed&id=26215715&retmode=json&tool=ym_proskin&email=admin@ym-proskin.local | 200
2026-06-08T09:07:01Z | GET | https://eutils.ncbi.nlm.nih.gov/entrez/eutils/efetch.fcgi?db=pubmed&id=26215715&rettype=abstract&retmode=text&tool=ym_proskin&email=admin@ym-proskin.local | 200
2026-06-08T09:07:04Z | GET | https://eutils.ncbi.nlm.nih.gov/entrez/eutils/esummary.fcgi?db=pubmed&id=99999999&retmode=json&tool=ym_proskin&email=admin@ym-proskin.local | 200
